
{"level":"error","message":"Cannot read properties of undefined (reading 'items')"}
{"level":"error","message":"Cannot read properties of undefined (reading 'items')"}
{"level":"error","message":"Cannot read properties of undefined (reading 'items')"}
{"level":"error","message":"Cannot read properties of undefined (reading 'items')"}
{"level":"error","message":"Cannot read properties of undefined (reading 'items')"}
{"level":"error","message":"Cannot read properties of undefined (reading 'items')"}
{"level":"error","message":"Cannot read properties of undefined (reading 'map')"}
{"level":"error","message":"messages.map is not a function"}
{"level":"error","message":"error al hacer"}
{"level":"error","message":"error al cargar producto al carrito"}
{"level":"error","message":"error al cargar producto al carrito"}
{"level":"error","message":"Cannot destructure property 'timestamp' of 'undefined' as it is undefined."}
{"level":"error","message":"error al cargar producto al carrito"}
{"level":"error","message":"error al cargar producto al carrito"}
{"level":"error","message":"error al cargar producto al carrito"}
{"level":"error","message":"error al cargar producto al carrito"}
{"level":"error","message":"Cannot destructure property 'timestamp' of 'undefined' as it is undefined."}
{"level":"error","message":"Cannot destructure property 'timestamp' of 'undefined' as it is undefined."}
{"level":"error","message":"Cannot destructure property 'timestamp' of 'undefined' as it is undefined."}
{"level":"error","message":"Cannot destructure property 'timestamp' of 'undefined' as it is undefined."}
{"level":"error","message":"Cannot read properties of undefined (reading 'items')"}
{"level":"error"}
{"level":"error","message":"ordjenesRepo is not defined"}
{"level":"error","message":"ordeanesRepo is not defined"}
{"level":"error","message":"ordenessRepo is not defined"}
{"level":"error","message":"ordenessRepo is not defined"}
{"level":"error","message":"ordenesfRepo is not defined"}
{"level":"error","message":"ordenesfRepo is not defined"}
{"level":"error","message":"ordenesfRepo is not defined"}
{"level":"error","message":"ordenesfRepo is not defined"}
